2025-11-27 11:25:36,400 - __main__ - INFO - Starting Data Processing Microservice
2025-11-27 11:25:36,400 - __main__ - INFO - Data directory: ..
2025-11-27 11:25:36,400 - __main__ - INFO - Output directory: .
2025-11-27 11:25:36,400 - __main__ - INFO - Config file: config/default_config.yaml
2025-11-27 11:25:36,400 - __main__ - INFO - Using resilient processing mode
2025-11-27 11:25:36,412 - config.config_manager - INFO - Configuration loaded from config/default_config.yaml
2025-11-27 11:25:36,414 - __main__ - INFO - Running full data processing
2025-11-27 11:25:36,414 - data_processor - INFO - Starting complete data processing workflow
2025-11-27 11:25:36,415 - data_processor - INFO - Validating input files
2025-11-27 11:25:36,415 - data_processor - INFO - Found risks file: ../source_docs/AIML_RISK_TAXONOMY_V6.xlsx
2025-11-27 11:25:36,415 - data_processor - INFO - Found controls file: ../source_docs/AIML_CONTROL_FRAMEWORK_V4.xlsx
2025-11-27 11:25:36,415 - data_processor - INFO - Found questions file: ../source_docs/AIML_INTERVIEW_QUESTIONS_V1.xlsx
2025-11-27 11:25:36,415 - data_processor - INFO - Found definitions file: ../source_docs/AI_Definitions_and_Taxonomy_V1.xlsx
2025-11-27 11:25:36,415 - data_processor - INFO - Found capabilities file: ../source_docs/AI_ML_Security_Capabilities.xlsx
2025-11-27 11:25:36,415 - data_processor - INFO - All input files validated successfully
2025-11-27 11:25:36,415 - data_processor - INFO - Starting data extraction from Excel files
2025-11-27 11:25:36,415 - data_processor - INFO - Extracting risks from ../source_docs/AIML_RISK_TAXONOMY_V6.xlsx
2025-11-27 11:25:36,415 - data_processor - INFO - Extracting risk data using adaptive mode from ../source_docs/AIML_RISK_TAXONOMY_V6.xlsx
2025-11-27 11:25:36,415 - extractors.risk_extractor - INFO - Extracting risks from ../source_docs/AIML_RISK_TAXONOMY_V6.xlsx
2025-11-27 11:25:36,552 - extractors.risk_extractor - INFO - Extracted 108 unique risks
2025-11-27 11:25:36,552 - data_processor - INFO - Extracting controls from ../source_docs/AIML_CONTROL_FRAMEWORK_V4.xlsx
2025-11-27 11:25:36,552 - data_processor - INFO - Extracting control data using adaptive mode from ../source_docs/AIML_CONTROL_FRAMEWORK_V4.xlsx
2025-11-27 11:25:36,552 - extractors.control_extractor - INFO - Extracting controls from ../source_docs/AIML_CONTROL_FRAMEWORK_V4.xlsx
2025-11-27 11:25:36,679 - extractors.control_extractor - INFO - Processing sheet: Domains
2025-11-27 11:25:36,728 - extractors.control_extractor - WARNING - Sheet 'Domains' missing 'Risks' or 'Mapped Risks' column, skipping
2025-11-27 11:25:36,728 - extractors.control_extractor - INFO - Processing sheet: AIIM
2025-11-27 11:25:36,780 - extractors.control_extractor - INFO - Extracted 9 controls from sheet 'AIIM'
2025-11-27 11:25:36,780 - extractors.control_extractor - INFO - Processing sheet: AISDL
2025-11-27 11:25:36,847 - extractors.control_extractor - INFO - Extracted 11 controls from sheet 'AISDL'
2025-11-27 11:25:36,847 - extractors.control_extractor - INFO - Processing sheet: AIFES
2025-11-27 11:25:36,899 - extractors.control_extractor - INFO - Extracted 9 controls from sheet 'AIFES'
2025-11-27 11:25:36,899 - extractors.control_extractor - INFO - Processing sheet: AISCDM
2025-11-27 11:25:36,950 - extractors.control_extractor - INFO - Extracted 7 controls from sheet 'AISCDM'
2025-11-27 11:25:36,950 - extractors.control_extractor - INFO - Processing sheet: AIETR
2025-11-27 11:25:37,017 - extractors.control_extractor - INFO - Extracted 11 controls from sheet 'AIETR'
2025-11-27 11:25:37,018 - extractors.control_extractor - INFO - Processing sheet: AIMDV
2025-11-27 11:25:37,070 - extractors.control_extractor - INFO - Extracted 11 controls from sheet 'AIMDV'
2025-11-27 11:25:37,070 - extractors.control_extractor - INFO - Processing sheet: AICICD
2025-11-27 11:25:37,135 - extractors.control_extractor - INFO - Extracted 10 controls from sheet 'AICICD'
2025-11-27 11:25:37,135 - extractors.control_extractor - INFO - Processing sheet: AIMLT
2025-11-27 11:25:37,189 - extractors.control_extractor - INFO - Extracted 11 controls from sheet 'AIMLT'
2025-11-27 11:25:37,189 - extractors.control_extractor - INFO - Processing sheet: AIGPC
2025-11-27 11:25:37,241 - extractors.control_extractor - INFO - Extracted 11 controls from sheet 'AIGPC'
2025-11-27 11:25:37,241 - extractors.control_extractor - INFO - Processing sheet: AIIEH
2025-11-27 11:25:37,308 - extractors.control_extractor - INFO - Extracted 11 controls from sheet 'AIIEH'
2025-11-27 11:25:37,308 - extractors.control_extractor - INFO - Processing sheet: AIDSS
2025-11-27 11:25:37,360 - extractors.control_extractor - INFO - Extracted 11 controls from sheet 'AIDSS'
2025-11-27 11:25:37,360 - extractors.control_extractor - INFO - Processing sheet: AICTDM
2025-11-27 11:25:37,413 - extractors.control_extractor - INFO - Extracted 10 controls from sheet 'AICTDM'
2025-11-27 11:25:37,413 - extractors.control_extractor - INFO - Processing sheet: AIIAS
2025-11-27 11:25:37,480 - extractors.control_extractor - INFO - Extracted 11 controls from sheet 'AIIAS'
2025-11-27 11:25:37,480 - extractors.control_extractor - INFO - Processing sheet: AIRMBC
2025-11-27 11:25:37,532 - extractors.control_extractor - INFO - Extracted 10 controls from sheet 'AIRMBC'
2025-11-27 11:25:37,532 - extractors.control_extractor - INFO - Processing sheet: AIIR
2025-11-27 11:25:37,599 - extractors.control_extractor - INFO - Extracted 10 controls from sheet 'AIIR'
2025-11-27 11:25:37,600 - extractors.control_extractor - INFO - Processing sheet: AMG
2025-11-27 11:25:37,651 - extractors.control_extractor - INFO - Extracted 3 controls from sheet 'AMG'
2025-11-27 11:25:37,651 - extractors.control_extractor - INFO - Processing sheet: AGAS
2025-11-27 11:25:37,703 - extractors.control_extractor - INFO - Extracted 3 controls from sheet 'AGAS'
2025-11-27 11:25:37,703 - extractors.control_extractor - INFO - Processing sheet: AII
2025-11-27 11:25:37,770 - extractors.control_extractor - INFO - Extracted 2 controls from sheet 'AII'
2025-11-27 11:25:37,770 - extractors.control_extractor - INFO - Processing sheet: TIS
2025-11-27 11:25:37,822 - extractors.control_extractor - INFO - Extracted 2 controls from sheet 'TIS'
2025-11-27 11:25:37,822 - extractors.control_extractor - INFO - Processing sheet: SI
2025-11-27 11:25:37,889 - extractors.control_extractor - INFO - Extracted 2 controls from sheet 'SI'
2025-11-27 11:25:37,889 - extractors.control_extractor - INFO - Processing sheet: ARTS
2025-11-27 11:25:37,924 - extractors.control_extractor - INFO - Extracted 2 controls from sheet 'ARTS'
2025-11-27 11:25:37,925 - extractors.control_extractor - INFO - Processing sheet: HOD
2025-11-27 11:25:37,990 - extractors.control_extractor - INFO - Extracted 3 controls from sheet 'HOD'
2025-11-27 11:25:37,990 - extractors.control_extractor - INFO - Processing sheet: RAT
2025-11-27 11:25:38,045 - extractors.control_extractor - INFO - Extracted 3 controls from sheet 'RAT'
2025-11-27 11:25:38,045 - extractors.control_extractor - INFO - Processing sheet: ATI
2025-11-27 11:25:38,096 - extractors.control_extractor - INFO - Extracted 2 controls from sheet 'ATI'
2025-11-27 11:25:38,096 - extractors.control_extractor - INFO - Processing sheet: TPAR
2025-11-27 11:25:38,167 - extractors.control_extractor - INFO - Extracted 2 controls from sheet 'TPAR'
2025-11-27 11:25:38,168 - extractors.control_extractor - INFO - Extracted 177 unique controls
2025-11-27 11:25:38,168 - data_processor - INFO - Extracting questions from ../source_docs/AIML_INTERVIEW_QUESTIONS_V1.xlsx
2025-11-27 11:25:38,168 - data_processor - INFO - Extracting question data using adaptive mode from ../source_docs/AIML_INTERVIEW_QUESTIONS_V1.xlsx
2025-11-27 11:25:38,168 - extractors.question_extractor - INFO - Extracting questions from ../source_docs/AIML_INTERVIEW_QUESTIONS_V1.xlsx
2025-11-27 11:25:38,178 - extractors.question_extractor - INFO - Processing sheet: Operational Assurance
2025-11-27 11:25:38,192 - extractors.question_extractor - INFO - Extracted 28 questions from sheet 'Operational Assurance'
2025-11-27 11:25:38,192 - extractors.question_extractor - INFO - Processing sheet: Cyber Risk Architecture
2025-11-27 11:25:38,206 - extractors.question_extractor - INFO - Extracted 32 questions from sheet 'Cyber Risk Architecture'
2025-11-27 11:25:38,206 - extractors.question_extractor - INFO - Processing sheet: CREM Platform & Automation
2025-11-27 11:25:38,219 - extractors.question_extractor - INFO - Extracted 34 questions from sheet 'CREM Platform & Automation'
2025-11-27 11:25:38,219 - extractors.question_extractor - INFO - Processing sheet: IAM Engineering
2025-11-27 11:25:38,233 - extractors.question_extractor - INFO - Extracted 25 questions from sheet 'IAM Engineering'
2025-11-27 11:25:38,233 - extractors.question_extractor - INFO - Processing sheet: Security Threat Testing
2025-11-27 11:25:38,246 - extractors.question_extractor - INFO - Extracted 28 questions from sheet 'Security Threat Testing'
2025-11-27 11:25:38,246 - extractors.question_extractor - INFO - Processing sheet: Technical Security Solutions
2025-11-27 11:25:38,277 - extractors.question_extractor - INFO - Extracted 27 questions from sheet 'Technical Security Solutions'
2025-11-27 11:25:38,277 - extractors.question_extractor - INFO - Processing sheet: Risk Engineering
2025-11-27 11:25:38,289 - extractors.question_extractor - INFO - Extracted 26 questions from sheet 'Risk Engineering'
2025-11-27 11:25:38,289 - extractors.question_extractor - INFO - Processing sheet: CREM Incident Response
2025-11-27 11:25:38,306 - extractors.question_extractor - INFO - Extracted 47 questions from sheet 'CREM Incident Response'
2025-11-27 11:25:38,306 - extractors.question_extractor - INFO - Processing sheet: Security Risk Management
2025-11-27 11:25:38,318 - extractors.question_extractor - INFO - Extracted 24 questions from sheet 'Security Risk Management'
2025-11-27 11:25:38,318 - extractors.question_extractor - INFO - Processing sheet: IAM Operations
2025-11-27 11:25:38,333 - extractors.question_extractor - INFO - Extracted 28 questions from sheet 'IAM Operations'
2025-11-27 11:25:38,333 - extractors.question_extractor - INFO - Removed 3 duplicate questions
2025-11-27 11:25:38,334 - extractors.question_extractor - INFO - Extracted 296 unique questions
2025-11-27 11:25:38,334 - data_processor - INFO - Extracting definitions from ../source_docs/AI_Definitions_and_Taxonomy_V1.xlsx
2025-11-27 11:25:38,334 - data_processor - INFO - Extracting definition data using adaptive mode from ../source_docs/AI_Definitions_and_Taxonomy_V1.xlsx
2025-11-27 11:25:38,334 - extractors.definitions_extractor - INFO - Extracting definitions data from ../source_docs/AI_Definitions_and_Taxonomy_V1.xlsx
2025-11-27 11:25:38,358 - extractors.definitions_extractor - INFO - Found 112 definition records
2025-11-27 11:25:38,358 - extractors.definitions_extractor - INFO - Columns: ['Term', 'Category', 'Definition', 'Source']
2025-11-27 11:25:38,366 - extractors.definitions_extractor - INFO - Extracted 112 definition records
2025-11-27 11:25:38,366 - data_processor - INFO - Extracting capabilities from ../source_docs/AI_ML_Security_Capabilities.xlsx
2025-11-27 11:25:38,366 - data_processor - INFO - Extracting capability data using adaptive mode from ../source_docs/AI_ML_Security_Capabilities.xlsx
2025-11-27 11:25:38,366 - extractors.capability_extractor - INFO - Extracting capabilities from ../source_docs/AI_ML_Security_Capabilities.xlsx
2025-11-27 11:25:38,408 - extractors.capability_extractor - INFO - Extracted 136 unique capabilities
2025-11-27 11:25:38,408 - data_processor - INFO - Extracting relationship mappings
2025-11-27 11:25:38,408 - extractors.mapping_extractor - INFO - Extracting mappings from ../source_docs/AIML_INTERVIEW_QUESTIONS_V1.xlsx
2025-11-27 11:25:38,416 - extractors.mapping_extractor - INFO - Processing mappings from sheet: Operational Assurance
2025-11-27 11:25:38,431 - extractors.mapping_extractor - INFO - Extracted 28 risk mappings and 28 control mappings from sheet 'Operational Assurance'
2025-11-27 11:25:38,433 - extractors.mapping_extractor - INFO - Processing mappings from sheet: Cyber Risk Architecture
2025-11-27 11:25:38,460 - utils.id_normalizer - WARNING - Invalid risk ID format: TBD
2025-11-27 11:25:38,460 - utils.id_normalizer - WARNING - Invalid control ID format: TBD
2025-11-27 11:25:38,460 - utils.id_normalizer - WARNING - Invalid risk ID format: TBD
2025-11-27 11:25:38,460 - utils.id_normalizer - WARNING - Invalid control ID format: TBD
2025-11-27 11:25:38,462 - extractors.mapping_extractor - INFO - Extracted 30 risk mappings and 30 control mappings from sheet 'Cyber Risk Architecture'
2025-11-27 11:25:38,462 - extractors.mapping_extractor - INFO - Processing mappings from sheet: CREM Platform & Automation
2025-11-27 11:25:38,477 - extractors.mapping_extractor - INFO - Extracted 34 risk mappings and 34 control mappings from sheet 'CREM Platform & Automation'
2025-11-27 11:25:38,477 - extractors.mapping_extractor - INFO - Processing mappings from sheet: IAM Engineering
2025-11-27 11:25:38,490 - extractors.mapping_extractor - INFO - Extracted 25 risk mappings and 25 control mappings from sheet 'IAM Engineering'
2025-11-27 11:25:38,490 - extractors.mapping_extractor - INFO - Processing mappings from sheet: Security Threat Testing
2025-11-27 11:25:38,504 - extractors.mapping_extractor - INFO - Extracted 28 risk mappings and 28 control mappings from sheet 'Security Threat Testing'
2025-11-27 11:25:38,504 - extractors.mapping_extractor - INFO - Processing mappings from sheet: Technical Security Solutions
2025-11-27 11:25:38,517 - extractors.mapping_extractor - INFO - Extracted 27 risk mappings and 27 control mappings from sheet 'Technical Security Solutions'
2025-11-27 11:25:38,517 - extractors.mapping_extractor - INFO - Processing mappings from sheet: Risk Engineering
2025-11-27 11:25:38,530 - extractors.mapping_extractor - INFO - Extracted 26 risk mappings and 26 control mappings from sheet 'Risk Engineering'
2025-11-27 11:25:38,530 - extractors.mapping_extractor - INFO - Processing mappings from sheet: CREM Incident Response
2025-11-27 11:25:38,547 - extractors.mapping_extractor - INFO - Extracted 47 risk mappings and 47 control mappings from sheet 'CREM Incident Response'
2025-11-27 11:25:38,547 - extractors.mapping_extractor - INFO - Processing mappings from sheet: Security Risk Management
2025-11-27 11:25:38,560 - extractors.mapping_extractor - INFO - Extracted 24 risk mappings and 24 control mappings from sheet 'Security Risk Management'
2025-11-27 11:25:38,560 - extractors.mapping_extractor - INFO - Processing mappings from sheet: IAM Operations
2025-11-27 11:25:38,588 - extractors.mapping_extractor - INFO - Extracted 28 risk mappings and 28 control mappings from sheet 'IAM Operations'
2025-11-27 11:25:38,591 - extractors.mapping_extractor - INFO - Extracted 297 unique question-risk mappings and 296 unique question-control mappings
2025-11-27 11:25:38,591 - extractors.mapping_extractor - INFO - Creating risk-control mappings
2025-11-27 11:25:38,609 - extractors.mapping_extractor - INFO - Created 993 risk-control mappings
2025-11-27 11:25:38,613 - data_processor - INFO - Data extraction completed
2025-11-27 11:25:38,613 - data_processor - INFO - Populating database with extracted data
2025-11-27 11:25:38,614 - database_manager - INFO - Creating database tables
2025-11-27 11:25:38,616 - database_manager - INFO - Connected to database: aiml_data.db
2025-11-27 11:25:38,622 - database_manager - INFO - Database tables created successfully
2025-11-27 11:25:38,622 - database_manager - INFO - Running database migrations
2025-11-27 11:25:38,622 - database_manager - INFO - Database migrations completed
2025-11-27 11:25:38,623 - database_manager - INFO - Inserting 108 records into risks
2025-11-27 11:25:38,626 - database_manager - INFO - Successfully inserted 108 records into risks
2025-11-27 11:25:38,626 - database_manager - INFO - Inserting 296 records into questions
2025-11-27 11:25:38,638 - database_manager - INFO - Successfully inserted 296 records into questions
2025-11-27 11:25:38,638 - database_manager - INFO - Inserting 177 records into controls
2025-11-27 11:25:38,642 - database_manager - INFO - Successfully inserted 177 records into controls
2025-11-27 11:25:38,642 - database_manager - INFO - Inserting 112 records into definitions
2025-11-27 11:25:38,645 - database_manager - INFO - Successfully inserted 112 records into definitions
2025-11-27 11:25:38,646 - database_manager - INFO - Inserting 136 records into capabilities
2025-11-27 11:25:38,649 - database_manager - INFO - Successfully inserted 136 records into capabilities
2025-11-27 11:25:38,649 - database_manager - INFO - Inserting 993 records into risk_control_mapping
2025-11-27 11:25:38,652 - database_manager - INFO - Successfully inserted 993 records into risk_control_mapping
2025-11-27 11:25:38,652 - database_manager - INFO - Inserting 297 records into question_risk_mapping
2025-11-27 11:25:38,654 - database_manager - INFO - Successfully inserted 297 records into question_risk_mapping
2025-11-27 11:25:38,655 - database_manager - INFO - Inserting 296 records into question_control_mapping
2025-11-27 11:25:38,657 - database_manager - INFO - Successfully inserted 296 records into question_control_mapping
2025-11-27 11:25:38,657 - database_manager - INFO - Inserting 487 records into capability_control_mapping
2025-11-27 11:25:38,659 - database_manager - INFO - Successfully inserted 487 records into capability_control_mapping
2025-11-27 11:25:38,660 - data_processor - INFO - Storing file metadata
2025-11-27 11:25:38,660 - database_manager - INFO - Inserting file metadata for risks: AIML_RISK_TAXONOMY_V6.xlsx
2025-11-27 11:25:38,660 - database_manager - INFO - File metadata inserted for AIML_RISK_TAXONOMY_V6.xlsx
2025-11-27 11:25:38,661 - database_manager - INFO - Inserting file metadata for controls: AIML_CONTROL_FRAMEWORK_V4.xlsx
2025-11-27 11:25:38,661 - database_manager - INFO - File metadata inserted for AIML_CONTROL_FRAMEWORK_V4.xlsx
2025-11-27 11:25:38,661 - database_manager - INFO - Inserting file metadata for questions: AIML_INTERVIEW_QUESTIONS_V1.xlsx
2025-11-27 11:25:38,662 - database_manager - INFO - File metadata inserted for AIML_INTERVIEW_QUESTIONS_V1.xlsx
2025-11-27 11:25:38,662 - database_manager - INFO - Inserting file metadata for definitions: AI_Definitions_and_Taxonomy_V1.xlsx
2025-11-27 11:25:38,662 - database_manager - INFO - File metadata inserted for AI_Definitions_and_Taxonomy_V1.xlsx
2025-11-27 11:25:38,662 - database_manager - INFO - Inserting file metadata for capabilities: AI_ML_Security_Capabilities.xlsx
2025-11-27 11:25:38,663 - database_manager - INFO - File metadata inserted for AI_ML_Security_Capabilities.xlsx
2025-11-27 11:25:38,663 - data_processor - INFO - Database population completed
2025-11-27 11:25:38,663 - data_processor - INFO - Data processing workflow completed successfully
2025-11-27 11:25:38,663 - __main__ - INFO - Data processing completed successfully
2025-11-27 12:24:20,250 - __main__ - INFO - Starting Data Processing Microservice
2025-11-27 12:24:20,250 - __main__ - INFO - Data directory: ..
2025-11-27 12:24:20,250 - __main__ - INFO - Output directory: .
2025-11-27 12:24:20,250 - __main__ - INFO - Config file: config/default_config.yaml
2025-11-27 12:24:20,250 - __main__ - INFO - Using resilient processing mode
2025-11-27 12:24:20,263 - config.config_manager - INFO - Configuration loaded from config/default_config.yaml
2025-11-27 12:24:20,266 - __main__ - INFO - Running full data processing
2025-11-27 12:24:20,266 - data_processor - INFO - Starting complete data processing workflow
2025-11-27 12:24:20,266 - data_processor - INFO - Validating input files
2025-11-27 12:24:20,266 - data_processor - INFO - Found risks file: ../source_docs/AIML_RISK_TAXONOMY_V6.xlsx
2025-11-27 12:24:20,266 - data_processor - INFO - Found controls file: ../source_docs/AIML_CONTROL_FRAMEWORK_V4.xlsx
2025-11-27 12:24:20,266 - data_processor - INFO - Found questions file: ../source_docs/AIML_INTERVIEW_QUESTIONS_V1.xlsx
2025-11-27 12:24:20,266 - data_processor - INFO - Found definitions file: ../source_docs/AI_Definitions_and_Taxonomy_V1.xlsx
2025-11-27 12:24:20,267 - data_processor - INFO - Found capabilities file: ../source_docs/AI_ML_Security_Capabilities.xlsx
2025-11-27 12:24:20,267 - data_processor - INFO - All input files validated successfully
2025-11-27 12:24:20,267 - data_processor - INFO - Starting data extraction from Excel files
2025-11-27 12:24:20,267 - data_processor - INFO - Extracting risks from ../source_docs/AIML_RISK_TAXONOMY_V6.xlsx
2025-11-27 12:24:20,267 - data_processor - INFO - Extracting risk data using adaptive mode from ../source_docs/AIML_RISK_TAXONOMY_V6.xlsx
2025-11-27 12:24:20,267 - extractors.risk_extractor - INFO - Extracting risks from ../source_docs/AIML_RISK_TAXONOMY_V6.xlsx
2025-11-27 12:24:20,401 - extractors.risk_extractor - INFO - Extracted 108 unique risks
2025-11-27 12:24:20,402 - data_processor - INFO - Extracting controls from ../source_docs/AIML_CONTROL_FRAMEWORK_V4.xlsx
2025-11-27 12:24:20,402 - data_processor - INFO - Extracting control data using adaptive mode from ../source_docs/AIML_CONTROL_FRAMEWORK_V4.xlsx
2025-11-27 12:24:20,402 - extractors.control_extractor - INFO - Extracting controls from ../source_docs/AIML_CONTROL_FRAMEWORK_V4.xlsx
2025-11-27 12:24:20,530 - extractors.control_extractor - INFO - Processing sheet: Domains
2025-11-27 12:24:20,580 - extractors.control_extractor - WARNING - Sheet 'Domains' missing 'Risks' or 'Mapped Risks' column, skipping
2025-11-27 12:24:20,580 - extractors.control_extractor - INFO - Processing sheet: AIIM
2025-11-27 12:24:20,632 - extractors.control_extractor - INFO - Extracted 9 controls from sheet 'AIIM'
2025-11-27 12:24:20,632 - extractors.control_extractor - INFO - Processing sheet: AISDL
2025-11-27 12:24:20,698 - extractors.control_extractor - INFO - Extracted 11 controls from sheet 'AISDL'
2025-11-27 12:24:20,698 - extractors.control_extractor - INFO - Processing sheet: AIFES
2025-11-27 12:24:20,750 - extractors.control_extractor - INFO - Extracted 9 controls from sheet 'AIFES'
2025-11-27 12:24:20,750 - extractors.control_extractor - INFO - Processing sheet: AISCDM
2025-11-27 12:24:20,801 - extractors.control_extractor - INFO - Extracted 7 controls from sheet 'AISCDM'
2025-11-27 12:24:20,801 - extractors.control_extractor - INFO - Processing sheet: AIETR
2025-11-27 12:24:20,868 - extractors.control_extractor - INFO - Extracted 11 controls from sheet 'AIETR'
2025-11-27 12:24:20,869 - extractors.control_extractor - INFO - Processing sheet: AIMDV
2025-11-27 12:24:20,920 - extractors.control_extractor - INFO - Extracted 11 controls from sheet 'AIMDV'
2025-11-27 12:24:20,921 - extractors.control_extractor - INFO - Processing sheet: AICICD
2025-11-27 12:24:20,985 - extractors.control_extractor - INFO - Extracted 10 controls from sheet 'AICICD'
2025-11-27 12:24:20,986 - extractors.control_extractor - INFO - Processing sheet: AIMLT
2025-11-27 12:24:21,037 - extractors.control_extractor - INFO - Extracted 11 controls from sheet 'AIMLT'
2025-11-27 12:24:21,038 - extractors.control_extractor - INFO - Processing sheet: AIGPC
2025-11-27 12:24:21,090 - extractors.control_extractor - INFO - Extracted 11 controls from sheet 'AIGPC'
2025-11-27 12:24:21,090 - extractors.control_extractor - INFO - Processing sheet: AIIEH
2025-11-27 12:24:21,155 - extractors.control_extractor - INFO - Extracted 11 controls from sheet 'AIIEH'
2025-11-27 12:24:21,155 - extractors.control_extractor - INFO - Processing sheet: AIDSS
2025-11-27 12:24:21,207 - extractors.control_extractor - INFO - Extracted 11 controls from sheet 'AIDSS'
2025-11-27 12:24:21,207 - extractors.control_extractor - INFO - Processing sheet: AICTDM
2025-11-27 12:24:21,258 - extractors.control_extractor - INFO - Extracted 10 controls from sheet 'AICTDM'
2025-11-27 12:24:21,258 - extractors.control_extractor - INFO - Processing sheet: AIIAS
2025-11-27 12:24:21,324 - extractors.control_extractor - INFO - Extracted 11 controls from sheet 'AIIAS'
2025-11-27 12:24:21,325 - extractors.control_extractor - INFO - Processing sheet: AIRMBC
2025-11-27 12:24:21,376 - extractors.control_extractor - INFO - Extracted 10 controls from sheet 'AIRMBC'
2025-11-27 12:24:21,376 - extractors.control_extractor - INFO - Processing sheet: AIIR
2025-11-27 12:24:21,442 - extractors.control_extractor - INFO - Extracted 10 controls from sheet 'AIIR'
2025-11-27 12:24:21,442 - extractors.control_extractor - INFO - Processing sheet: AMG
2025-11-27 12:24:21,493 - extractors.control_extractor - INFO - Extracted 3 controls from sheet 'AMG'
2025-11-27 12:24:21,493 - extractors.control_extractor - INFO - Processing sheet: AGAS
2025-11-27 12:24:21,544 - extractors.control_extractor - INFO - Extracted 3 controls from sheet 'AGAS'
2025-11-27 12:24:21,544 - extractors.control_extractor - INFO - Processing sheet: AII
2025-11-27 12:24:21,611 - extractors.control_extractor - INFO - Extracted 2 controls from sheet 'AII'
2025-11-27 12:24:21,611 - extractors.control_extractor - INFO - Processing sheet: TIS
2025-11-27 12:24:21,662 - extractors.control_extractor - INFO - Extracted 2 controls from sheet 'TIS'
2025-11-27 12:24:21,662 - extractors.control_extractor - INFO - Processing sheet: SI
2025-11-27 12:24:21,727 - extractors.control_extractor - INFO - Extracted 2 controls from sheet 'SI'
2025-11-27 12:24:21,727 - extractors.control_extractor - INFO - Processing sheet: ARTS
2025-11-27 12:24:21,761 - extractors.control_extractor - INFO - Extracted 2 controls from sheet 'ARTS'
2025-11-27 12:24:21,761 - extractors.control_extractor - INFO - Processing sheet: HOD
2025-11-27 12:24:21,827 - extractors.control_extractor - INFO - Extracted 3 controls from sheet 'HOD'
2025-11-27 12:24:21,828 - extractors.control_extractor - INFO - Processing sheet: RAT
2025-11-27 12:24:21,880 - extractors.control_extractor - INFO - Extracted 3 controls from sheet 'RAT'
2025-11-27 12:24:21,880 - extractors.control_extractor - INFO - Processing sheet: ATI
2025-11-27 12:24:21,930 - extractors.control_extractor - INFO - Extracted 2 controls from sheet 'ATI'
2025-11-27 12:24:21,931 - extractors.control_extractor - INFO - Processing sheet: TPAR
2025-11-27 12:24:21,997 - extractors.control_extractor - INFO - Extracted 2 controls from sheet 'TPAR'
2025-11-27 12:24:21,998 - extractors.control_extractor - INFO - Extracted 177 unique controls
2025-11-27 12:24:21,998 - data_processor - INFO - Extracting questions from ../source_docs/AIML_INTERVIEW_QUESTIONS_V1.xlsx
2025-11-27 12:24:21,998 - data_processor - INFO - Extracting question data using adaptive mode from ../source_docs/AIML_INTERVIEW_QUESTIONS_V1.xlsx
2025-11-27 12:24:21,998 - extractors.question_extractor - INFO - Extracting questions from ../source_docs/AIML_INTERVIEW_QUESTIONS_V1.xlsx
2025-11-27 12:24:22,007 - extractors.question_extractor - INFO - Processing sheet: Operational Assurance
2025-11-27 12:24:22,020 - extractors.question_extractor - INFO - Extracted 28 questions from sheet 'Operational Assurance'
2025-11-27 12:24:22,020 - extractors.question_extractor - INFO - Processing sheet: Cyber Risk Architecture
2025-11-27 12:24:22,034 - extractors.question_extractor - INFO - Extracted 32 questions from sheet 'Cyber Risk Architecture'
2025-11-27 12:24:22,034 - extractors.question_extractor - INFO - Processing sheet: CREM Platform & Automation
2025-11-27 12:24:22,047 - extractors.question_extractor - INFO - Extracted 34 questions from sheet 'CREM Platform & Automation'
2025-11-27 12:24:22,047 - extractors.question_extractor - INFO - Processing sheet: IAM Engineering
2025-11-27 12:24:22,060 - extractors.question_extractor - INFO - Extracted 25 questions from sheet 'IAM Engineering'
2025-11-27 12:24:22,060 - extractors.question_extractor - INFO - Processing sheet: Security Threat Testing
2025-11-27 12:24:22,073 - extractors.question_extractor - INFO - Extracted 28 questions from sheet 'Security Threat Testing'
2025-11-27 12:24:22,076 - extractors.question_extractor - INFO - Processing sheet: Technical Security Solutions
2025-11-27 12:24:22,105 - extractors.question_extractor - INFO - Extracted 27 questions from sheet 'Technical Security Solutions'
2025-11-27 12:24:22,105 - extractors.question_extractor - INFO - Processing sheet: Risk Engineering
2025-11-27 12:24:22,118 - extractors.question_extractor - INFO - Extracted 26 questions from sheet 'Risk Engineering'
2025-11-27 12:24:22,118 - extractors.question_extractor - INFO - Processing sheet: CREM Incident Response
2025-11-27 12:24:22,134 - extractors.question_extractor - INFO - Extracted 47 questions from sheet 'CREM Incident Response'
2025-11-27 12:24:22,134 - extractors.question_extractor - INFO - Processing sheet: Security Risk Management
2025-11-27 12:24:22,146 - extractors.question_extractor - INFO - Extracted 24 questions from sheet 'Security Risk Management'
2025-11-27 12:24:22,146 - extractors.question_extractor - INFO - Processing sheet: IAM Operations
2025-11-27 12:24:22,160 - extractors.question_extractor - INFO - Extracted 28 questions from sheet 'IAM Operations'
2025-11-27 12:24:22,161 - extractors.question_extractor - INFO - Removed 3 duplicate questions
2025-11-27 12:24:22,161 - extractors.question_extractor - INFO - Extracted 296 unique questions
2025-11-27 12:24:22,161 - data_processor - INFO - Extracting definitions from ../source_docs/AI_Definitions_and_Taxonomy_V1.xlsx
2025-11-27 12:24:22,161 - data_processor - INFO - Extracting definition data using adaptive mode from ../source_docs/AI_Definitions_and_Taxonomy_V1.xlsx
2025-11-27 12:24:22,161 - extractors.definitions_extractor - INFO - Extracting definitions data from ../source_docs/AI_Definitions_and_Taxonomy_V1.xlsx
2025-11-27 12:24:22,185 - extractors.definitions_extractor - INFO - Found 112 definition records
2025-11-27 12:24:22,185 - extractors.definitions_extractor - INFO - Columns: ['Term', 'Category', 'Definition', 'Source']
2025-11-27 12:24:22,192 - extractors.definitions_extractor - INFO - Extracted 112 definition records
2025-11-27 12:24:22,192 - data_processor - INFO - Extracting capabilities from ../source_docs/AI_ML_Security_Capabilities.xlsx
2025-11-27 12:24:22,192 - data_processor - INFO - Extracting capability data using adaptive mode from ../source_docs/AI_ML_Security_Capabilities.xlsx
2025-11-27 12:24:22,192 - extractors.capability_extractor - INFO - Extracting capabilities from ../source_docs/AI_ML_Security_Capabilities.xlsx
2025-11-27 12:24:22,233 - extractors.capability_extractor - INFO - Extracted 136 unique capabilities
2025-11-27 12:24:22,233 - data_processor - INFO - Extracting relationship mappings
2025-11-27 12:24:22,233 - extractors.mapping_extractor - INFO - Extracting mappings from ../source_docs/AIML_INTERVIEW_QUESTIONS_V1.xlsx
2025-11-27 12:24:22,241 - extractors.mapping_extractor - INFO - Processing mappings from sheet: Operational Assurance
2025-11-27 12:24:22,256 - extractors.mapping_extractor - INFO - Extracted 28 risk mappings and 28 control mappings from sheet 'Operational Assurance'
2025-11-27 12:24:22,256 - extractors.mapping_extractor - INFO - Processing mappings from sheet: Cyber Risk Architecture
2025-11-27 12:24:22,283 - utils.id_normalizer - WARNING - Invalid risk ID format: TBD
2025-11-27 12:24:22,284 - utils.id_normalizer - WARNING - Invalid control ID format: TBD
2025-11-27 12:24:22,284 - utils.id_normalizer - WARNING - Invalid risk ID format: TBD
2025-11-27 12:24:22,284 - utils.id_normalizer - WARNING - Invalid control ID format: TBD
2025-11-27 12:24:22,285 - extractors.mapping_extractor - INFO - Extracted 30 risk mappings and 30 control mappings from sheet 'Cyber Risk Architecture'
2025-11-27 12:24:22,285 - extractors.mapping_extractor - INFO - Processing mappings from sheet: CREM Platform & Automation
2025-11-27 12:24:22,299 - extractors.mapping_extractor - INFO - Extracted 34 risk mappings and 34 control mappings from sheet 'CREM Platform & Automation'
2025-11-27 12:24:22,300 - extractors.mapping_extractor - INFO - Processing mappings from sheet: IAM Engineering
2025-11-27 12:24:22,312 - extractors.mapping_extractor - INFO - Extracted 25 risk mappings and 25 control mappings from sheet 'IAM Engineering'
2025-11-27 12:24:22,312 - extractors.mapping_extractor - INFO - Processing mappings from sheet: Security Threat Testing
2025-11-27 12:24:22,326 - extractors.mapping_extractor - INFO - Extracted 28 risk mappings and 28 control mappings from sheet 'Security Threat Testing'
2025-11-27 12:24:22,326 - extractors.mapping_extractor - INFO - Processing mappings from sheet: Technical Security Solutions
2025-11-27 12:24:22,340 - extractors.mapping_extractor - INFO - Extracted 27 risk mappings and 27 control mappings from sheet 'Technical Security Solutions'
2025-11-27 12:24:22,340 - extractors.mapping_extractor - INFO - Processing mappings from sheet: Risk Engineering
2025-11-27 12:24:22,352 - extractors.mapping_extractor - INFO - Extracted 26 risk mappings and 26 control mappings from sheet 'Risk Engineering'
2025-11-27 12:24:22,352 - extractors.mapping_extractor - INFO - Processing mappings from sheet: CREM Incident Response
2025-11-27 12:24:22,369 - extractors.mapping_extractor - INFO - Extracted 47 risk mappings and 47 control mappings from sheet 'CREM Incident Response'
2025-11-27 12:24:22,369 - extractors.mapping_extractor - INFO - Processing mappings from sheet: Security Risk Management
2025-11-27 12:24:22,381 - extractors.mapping_extractor - INFO - Extracted 24 risk mappings and 24 control mappings from sheet 'Security Risk Management'
2025-11-27 12:24:22,381 - extractors.mapping_extractor - INFO - Processing mappings from sheet: IAM Operations
2025-11-27 12:24:22,409 - extractors.mapping_extractor - INFO - Extracted 28 risk mappings and 28 control mappings from sheet 'IAM Operations'
2025-11-27 12:24:22,411 - extractors.mapping_extractor - INFO - Extracted 297 unique question-risk mappings and 296 unique question-control mappings
2025-11-27 12:24:22,411 - extractors.mapping_extractor - INFO - Creating risk-control mappings
2025-11-27 12:24:22,428 - extractors.mapping_extractor - INFO - Created 993 risk-control mappings
2025-11-27 12:24:22,433 - data_processor - INFO - Data extraction completed
2025-11-27 12:24:22,433 - data_processor - INFO - Populating database with extracted data
2025-11-27 12:24:22,433 - database_manager - INFO - Creating database tables
2025-11-27 12:24:22,436 - database_manager - INFO - Connected to database: aiml_data.db
2025-11-27 12:24:22,442 - database_manager - INFO - Database tables created successfully
2025-11-27 12:24:22,442 - database_manager - INFO - Running database migrations
2025-11-27 12:24:22,442 - database_manager - INFO - Database migrations completed
2025-11-27 12:24:22,442 - database_manager - INFO - Inserting 108 records into risks
2025-11-27 12:24:22,445 - database_manager - INFO - Successfully inserted 108 records into risks
2025-11-27 12:24:22,445 - database_manager - INFO - Inserting 296 records into questions
2025-11-27 12:24:22,449 - database_manager - INFO - Successfully inserted 296 records into questions
2025-11-27 12:24:22,449 - database_manager - INFO - Inserting 177 records into controls
2025-11-27 12:24:22,453 - database_manager - INFO - Successfully inserted 177 records into controls
2025-11-27 12:24:22,453 - database_manager - INFO - Inserting 112 records into definitions
2025-11-27 12:24:22,456 - database_manager - INFO - Successfully inserted 112 records into definitions
2025-11-27 12:24:22,456 - database_manager - INFO - Inserting 136 records into capabilities
2025-11-27 12:24:22,459 - database_manager - INFO - Successfully inserted 136 records into capabilities
2025-11-27 12:24:22,459 - database_manager - INFO - Inserting 993 records into risk_control_mapping
2025-11-27 12:24:22,462 - database_manager - INFO - Successfully inserted 993 records into risk_control_mapping
2025-11-27 12:24:22,462 - database_manager - INFO - Inserting 297 records into question_risk_mapping
2025-11-27 12:24:22,464 - database_manager - INFO - Successfully inserted 297 records into question_risk_mapping
2025-11-27 12:24:22,464 - database_manager - INFO - Inserting 296 records into question_control_mapping
2025-11-27 12:24:22,467 - database_manager - INFO - Successfully inserted 296 records into question_control_mapping
2025-11-27 12:24:22,467 - database_manager - INFO - Inserting 487 records into capability_control_mapping
2025-11-27 12:24:22,470 - database_manager - INFO - Successfully inserted 487 records into capability_control_mapping
2025-11-27 12:24:22,471 - data_processor - INFO - Storing file metadata
2025-11-27 12:24:22,471 - database_manager - INFO - Inserting file metadata for risks: AIML_RISK_TAXONOMY_V6.xlsx
2025-11-27 12:24:22,472 - database_manager - INFO - File metadata inserted for AIML_RISK_TAXONOMY_V6.xlsx
2025-11-27 12:24:22,472 - database_manager - INFO - Inserting file metadata for controls: AIML_CONTROL_FRAMEWORK_V4.xlsx
2025-11-27 12:24:22,479 - database_manager - INFO - File metadata inserted for AIML_CONTROL_FRAMEWORK_V4.xlsx
2025-11-27 12:24:22,479 - database_manager - INFO - Inserting file metadata for questions: AIML_INTERVIEW_QUESTIONS_V1.xlsx
2025-11-27 12:24:22,480 - database_manager - INFO - File metadata inserted for AIML_INTERVIEW_QUESTIONS_V1.xlsx
2025-11-27 12:24:22,480 - database_manager - INFO - Inserting file metadata for definitions: AI_Definitions_and_Taxonomy_V1.xlsx
2025-11-27 12:24:22,481 - database_manager - INFO - File metadata inserted for AI_Definitions_and_Taxonomy_V1.xlsx
2025-11-27 12:24:22,481 - database_manager - INFO - Inserting file metadata for capabilities: AI_ML_Security_Capabilities.xlsx
2025-11-27 12:24:22,481 - database_manager - INFO - File metadata inserted for AI_ML_Security_Capabilities.xlsx
2025-11-27 12:24:22,481 - data_processor - INFO - Database population completed
2025-11-27 12:24:22,481 - data_processor - INFO - Data processing workflow completed successfully
2025-11-27 12:24:22,481 - __main__ - INFO - Data processing completed successfully
